<?xml version="1.0" encoding="UTF-8"?>
<!-- Generated by org.testng.reporters.JUnitReportReporter -->
<testsuite skipped="0" hostname="DESKTOP-N2CJ3IK" name="com.exec.TestNG.Amzone_exe" tests="1" failures="0" timestamp="23 Jun 2020 10:38:31 GMT" time="0.063" errors="1">
  <testcase name="testSearchAndCompare" time="0.063" classname="com.exec.TestNG.Amzone_exe">
    <error type="java.lang.NoSuchMethodError" message="org.openqa.selenium.support.ui.ExpectedConditions.visibilityOfAllElements([Lorg/openqa/selenium/WebElement;)Lorg/openqa/selenium/support/ui/ExpectedCondition;">
      <![CDATA[java.lang.NoSuchMethodError: org.openqa.selenium.support.ui.ExpectedConditions.visibilityOfAllElements([Lorg/openqa/selenium/WebElement;)Lorg/openqa/selenium/support/ui/ExpectedCondition;
at page_Object.Sign_In_Page_Method.SignInPageDisplayed(Sign_In_Page_Method.java:35)
at com.exec.TestNG.Amzone_exe.testSearchAndCompare(Amzone_exe.java:29)
at sun.reflect.NativeMethodAccessorImpl.invoke0(Native Method)
at sun.reflect.NativeMethodAccessorImpl.invoke(Unknown Source)
at sun.reflect.DelegatingMethodAccessorImpl.invoke(Unknown Source)
at java.lang.reflect.Method.invoke(Unknown Source)
at org.testng.internal.MethodInvocationHelper.invokeMethod(MethodInvocationHelper.java:124)
at org.testng.internal.Invoker.invokeMethod(Invoker.java:583)
at org.testng.internal.Invoker.invokeTestMethod(Invoker.java:719)
at org.testng.internal.Invoker.invokeTestMethods(Invoker.java:989)
at org.testng.internal.TestMethodWorker.invokeTestMethods(TestMethodWorker.java:125)
at org.testng.internal.TestMethodWorker.run(TestMethodWorker.java:109)
at org.testng.TestRunner.privateRun(TestRunner.java:648)
at org.testng.TestRunner.run(TestRunner.java:505)
at org.testng.SuiteRunner.runTest(SuiteRunner.java:455)
at org.testng.SuiteRunner.runSequentially(SuiteRunner.java:450)
at org.testng.SuiteRunner.privateRun(SuiteRunner.java:415)
at org.testng.SuiteRunner.run(SuiteRunner.java:364)
at org.testng.SuiteRunnerWorker.runSuite(SuiteRunnerWorker.java:52)
at org.testng.SuiteRunnerWorker.run(SuiteRunnerWorker.java:84)
at org.testng.TestNG.runSuitesSequentially(TestNG.java:1208)
at org.testng.TestNG.runSuitesLocally(TestNG.java:1137)
at org.testng.TestNG.runSuites(TestNG.java:1049)
at org.testng.TestNG.run(TestNG.java:1017)
at org.testng.remote.AbstractRemoteTestNG.run(AbstractRemoteTestNG.java:114)
at org.testng.remote.RemoteTestNG.initAndRun(RemoteTestNG.java:251)
at org.testng.remote.RemoteTestNG.main(RemoteTestNG.java:77)
]]>
    </error>
  </testcase> <!-- testSearchAndCompare -->
</testsuite> <!-- com.exec.TestNG.Amzone_exe -->
